  main.cpp
C:\Users\Peppe\Documents\GitHub\milestones-ChloeWoodman\code\raytracer\Ray-Tracer-Starter-main\ray.h(19,23): warning C4244: 'argument': conversion from 'double' to 'const T', possible loss of data
          with
          [
              T=float
          ]
C:\Users\Peppe\Documents\GitHub\milestones-ChloeWoodman\code\raytracer\Ray-Tracer-Starter-main\aabb.h(35,13): warning C4244: 'argument': conversion from 'double' to 'T', possible loss of data
          with
          [
              T=float
          ]
C:\Users\Peppe\Documents\GitHub\milestones-ChloeWoodman\code\raytracer\Ray-Tracer-Starter-main\aabb.h(34,13): warning C4244: 'argument': conversion from 'double' to 'T', possible loss of data
          with
          [
              T=float
          ]
C:\Users\Peppe\Documents\GitHub\milestones-ChloeWoodman\code\raytracer\Ray-Tracer-Starter-main\aabb.h(33,23): warning C4244: 'argument': conversion from 'double' to 'T', possible loss of data
          with
          [
              T=float
          ]
C:\Users\Peppe\Documents\GitHub\milestones-ChloeWoodman\code\raytracer\Ray-Tracer-Starter-main\aabb.h(39,13): warning C4244: 'argument': conversion from 'double' to 'T', possible loss of data
          with
          [
              T=float
          ]
C:\Users\Peppe\Documents\GitHub\milestones-ChloeWoodman\code\raytracer\Ray-Tracer-Starter-main\aabb.h(38,13): warning C4244: 'argument': conversion from 'double' to 'T', possible loss of data
          with
          [
              T=float
          ]
C:\Users\Peppe\Documents\GitHub\milestones-ChloeWoodman\code\raytracer\Ray-Tracer-Starter-main\aabb.h(37,21): warning C4244: 'argument': conversion from 'double' to 'T', possible loss of data
          with
          [
              T=float
          ]
C:\Users\Peppe\Documents\GitHub\milestones-ChloeWoodman\code\raytracer\Ray-Tracer-Starter-main\hittable_list.h(105,13): warning C4552: '+': result of expression not used
C:\Users\Peppe\Documents\GitHub\milestones-ChloeWoodman\code\raytracer\Ray-Tracer-Starter-main\hittable_list.h(106,13): warning C4552: '+': result of expression not used
C:\Users\Peppe\Documents\GitHub\milestones-ChloeWoodman\code\raytracer\Ray-Tracer-Starter-main\hittable_list.h(107,13): warning C4552: '+': result of expression not used
C:\Users\Peppe\Documents\GitHub\milestones-ChloeWoodman\code\raytracer\Ray-Tracer-Starter-main\hittable_list.h(163,39): warning C4244: 'argument': conversion from 'double' to 'T', possible loss of data
          with
          [
              T=float
          ]
C:\Users\Peppe\Documents\GitHub\milestones-ChloeWoodman\code\raytracer\Ray-Tracer-Starter-main\hittable_list.h(163,30): warning C4244: 'argument': conversion from 'double' to 'T', possible loss of data
          with
          [
              T=float
          ]
C:\Users\Peppe\Documents\GitHub\milestones-ChloeWoodman\code\raytracer\Ray-Tracer-Starter-main\hittable_list.h(180,43): warning C4244: '=': conversion from 'double' to 'T', possible loss of data
          with
          [
              T=float
          ]
C:\Users\Peppe\Documents\GitHub\milestones-ChloeWoodman\code\raytracer\Ray-Tracer-Starter-main\hittable_list.h(181,43): warning C4244: '=': conversion from 'double' to 'T', possible loss of data
          with
          [
              T=float
          ]
C:\Users\Peppe\Documents\GitHub\milestones-ChloeWoodman\code\raytracer\Ray-Tracer-Starter-main\hittable_list.h(183,49): warning C4244: '=': conversion from 'double' to 'T', possible loss of data
          with
          [
              T=float
          ]
C:\Users\Peppe\Documents\GitHub\milestones-ChloeWoodman\code\raytracer\Ray-Tracer-Starter-main\hittable_list.h(184,49): warning C4244: '=': conversion from 'double' to 'T', possible loss of data
          with
          [
              T=float
          ]
C:\Users\Peppe\Documents\GitHub\milestones-ChloeWoodman\code\raytracer\Ray-Tracer-Starter-main\hittable_list.h(194,33): warning C4244: '=': conversion from 'double' to 'T', possible loss of data
          with
          [
              T=float
          ]
C:\Users\Peppe\Documents\GitHub\milestones-ChloeWoodman\code\raytracer\Ray-Tracer-Starter-main\hittable_list.h(195,34): warning C4244: '=': conversion from 'double' to 'T', possible loss of data
          with
          [
              T=float
          ]
C:\Users\Peppe\Documents\GitHub\milestones-ChloeWoodman\code\raytracer\Ray-Tracer-Starter-main\hittable_list.h(197,43): warning C4244: '=': conversion from 'double' to 'T', possible loss of data
          with
          [
              T=float
          ]
C:\Users\Peppe\Documents\GitHub\milestones-ChloeWoodman\code\raytracer\Ray-Tracer-Starter-main\hittable_list.h(198,44): warning C4244: '=': conversion from 'double' to 'T', possible loss of data
          with
          [
              T=float
          ]
C:\Users\Peppe\Documents\GitHub\milestones-ChloeWoodman\code\raytracer\Ray-Tracer-Starter-main\sphere.h(46,51): warning C4244: 'argument': conversion from 'const double' to 'T', possible loss of data
          with
          [
              T=float
          ]
C:\Users\Peppe\Documents\GitHub\milestones-ChloeWoodman\code\raytracer\Ray-Tracer-Starter-main\sphere.h(46,43): warning C4244: 'argument': conversion from 'const double' to 'T', possible loss of data
          with
          [
              T=float
          ]
C:\Users\Peppe\Documents\GitHub\milestones-ChloeWoodman\code\raytracer\Ray-Tracer-Starter-main\sphere.h(46,35): warning C4244: 'argument': conversion from 'const double' to 'T', possible loss of data
          with
          [
              T=float
          ]
C:\Users\Peppe\Documents\GitHub\milestones-ChloeWoodman\code\raytracer\Ray-Tracer-Starter-main\sphere.h(46,91): warning C4244: 'argument': conversion from 'const double' to 'T', possible loss of data
          with
          [
              T=float
          ]
C:\Users\Peppe\Documents\GitHub\milestones-ChloeWoodman\code\raytracer\Ray-Tracer-Starter-main\sphere.h(46,83): warning C4244: 'argument': conversion from 'const double' to 'T', possible loss of data
          with
          [
              T=float
          ]
C:\Users\Peppe\Documents\GitHub\milestones-ChloeWoodman\code\raytracer\Ray-Tracer-Starter-main\sphere.h(46,75): warning C4244: 'argument': conversion from 'const double' to 'T', possible loss of data
          with
          [
              T=float
          ]
C:\Users\Peppe\Documents\GitHub\milestones-ChloeWoodman\code\raytracer\Ray-Tracer-Starter-main\sphere.h(75,44): warning C4244: 'argument': conversion from 'const double' to 'const T', possible loss of data
          with
          [
              T=float
          ]
C:\Users\Peppe\Documents\GitHub\milestones-ChloeWoodman\code\raytracer\Ray-Tracer-Starter-main\camera.h(40,33): warning C4244: 'argument': conversion from 'double' to 'const T', possible loss of data
          with
          [
              T=float
          ]
C:\Users\Peppe\Documents\GitHub\milestones-ChloeWoodman\code\raytracer\Ray-Tracer-Starter-main\camera.h(41,31): warning C4244: 'argument': conversion from 'double' to 'const T', possible loss of data
          with
          [
              T=float
          ]
C:\Users\Peppe\Documents\GitHub\milestones-ChloeWoodman\code\raytracer\Ray-Tracer-Starter-main\camera.h(42,70): warning C4244: 'argument': conversion from 'double' to 'const T', possible loss of data
          with
          [
              T=float
          ]
C:\Users\Peppe\Documents\GitHub\milestones-ChloeWoodman\code\raytracer\Ray-Tracer-Starter-main\camera.h(49,20): warning C4244: 'argument': conversion from 'const double' to 'const T', possible loss of data
          with
          [
              T=float
          ]
C:\Users\Peppe\Documents\GitHub\milestones-ChloeWoodman\code\raytracer\Ray-Tracer-Starter-main\camera.h(53,33): warning C4244: 'argument': conversion from 'double' to 'const T', possible loss of data
          with
          [
              T=float
          ]
C:\Users\Peppe\Documents\GitHub\milestones-ChloeWoodman\code\raytracer\Ray-Tracer-Starter-main\camera.h(53,50): warning C4244: 'argument': conversion from 'double' to 'const T', possible loss of data
          with
          [
              T=float
          ]
C:\Users\Peppe\Documents\GitHub\milestones-ChloeWoodman\code\raytracer\Ray-Tracer-Starter-main\perlin.h(111,52): warning C4244: 'argument': conversion from 'double' to 'T', possible loss of data
          with
          [
              T=float
          ]
C:\Users\Peppe\Documents\GitHub\milestones-ChloeWoodman\code\raytracer\Ray-Tracer-Starter-main\perlin.h(111,45): warning C4244: 'argument': conversion from 'double' to 'T', possible loss of data
          with
          [
              T=float
          ]
C:\Users\Peppe\Documents\GitHub\milestones-ChloeWoodman\code\raytracer\Ray-Tracer-Starter-main\perlin.h(111,38): warning C4244: 'argument': conversion from 'double' to 'T', possible loss of data
          with
          [
              T=float
          ]
C:\Users\Peppe\Documents\GitHub\milestones-ChloeWoodman\code\raytracer\Ray-Tracer-Starter-main\texture.h(22,43): warning C4244: 'argument': conversion from 'double' to 'const T', possible loss of data
          with
          [
              T=float
          ]
C:\Users\Peppe\Documents\GitHub\milestones-ChloeWoodman\code\raytracer\Ray-Tracer-Starter-main\texture.h(37,42): warning C4244: 'argument': conversion from 'double' to 'T', possible loss of data
          with
          [
              T=float
          ]
C:\Users\Peppe\Documents\GitHub\milestones-ChloeWoodman\code\raytracer\Ray-Tracer-Starter-main\texture.h(37,35): warning C4244: 'argument': conversion from 'double' to 'T', possible loss of data
          with
          [
              T=float
          ]
C:\Users\Peppe\Documents\GitHub\milestones-ChloeWoodman\code\raytracer\Ray-Tracer-Starter-main\texture.h(37,30): warning C4244: 'argument': conversion from 'double' to 'T', possible loss of data
          with
          [
              T=float
          ]
C:\Users\Peppe\Documents\GitHub\milestones-ChloeWoodman\code\raytracer\Ray-Tracer-Starter-main\texture.h(122,83): warning C4244: 'argument': conversion from 'double' to 'T', possible loss of data
          with
          [
              T=float
          ]
C:\Users\Peppe\Documents\GitHub\milestones-ChloeWoodman\code\raytracer\Ray-Tracer-Starter-main\texture.h(122,59): warning C4244: 'argument': conversion from 'double' to 'T', possible loss of data
          with
          [
              T=float
          ]
C:\Users\Peppe\Documents\GitHub\milestones-ChloeWoodman\code\raytracer\Ray-Tracer-Starter-main\texture.h(122,35): warning C4244: 'argument': conversion from 'double' to 'T', possible loss of data
          with
          [
              T=float
          ]
C:\Users\Peppe\Documents\GitHub\milestones-ChloeWoodman\code\raytracer\Ray-Tracer-Starter-main\material.h(62,44): warning C4244: 'argument': conversion from 'const double' to 'const T', possible loss of data
          with
          [
              T=float
          ]
C:\Users\Peppe\Documents\GitHub\milestones-ChloeWoodman\code\raytracer\Ray-Tracer-Starter-main\material.h(75,47): warning C4244: 'argument': conversion from 'double' to 'const T', possible loss of data
          with
          [
              T=float
          ]
C:\Users\Peppe\Documents\GitHub\milestones-ChloeWoodman\code\raytracer\Ray-Tracer-Starter-main\material.h(75,24): warning C4244: 'argument': conversion from 'double' to 'const T', possible loss of data
          with
          [
              T=float
          ]
C:\Users\Peppe\Documents\GitHub\milestones-ChloeWoodman\code\raytracer\Ray-Tracer-Starter-main\material.h(76,28): warning C4244: 'argument': conversion from 'double' to 'const T', possible loss of data
          with
          [
              T=float
          ]
C:\Users\Peppe\Documents\GitHub\milestones-ChloeWoodman\code\raytracer\Ray-Tracer-Starter-main\triangle.h(84,29): warning C4305: 'initializing': truncation from 'double' to 'float'
C:\Users\Peppe\Documents\GitHub\milestones-ChloeWoodman\code\raytracer\Ray-Tracer-Starter-main\triangle.h(109,28): warning C4244: 'argument': conversion from 'double' to 'const T', possible loss of data
          with
          [
              T=float
          ]
C:\Users\Peppe\Documents\GitHub\milestones-ChloeWoodman\code\raytracer\Ray-Tracer-Starter-main\triangle.h(109,38): warning C4244: 'argument': conversion from 'double' to 'const T', possible loss of data
          with
          [
              T=float
          ]
C:\Users\Peppe\Documents\GitHub\milestones-ChloeWoodman\code\raytracer\Ray-Tracer-Starter-main\triangle.h(109,52): warning C4244: 'argument': conversion from 'double' to 'const T', possible loss of data
          with
          [
              T=float
          ]
C:\Users\Peppe\Documents\GitHub\milestones-ChloeWoodman\code\raytracer\Ray-Tracer-Starter-main\triangle.h(76,12): warning C4101: 'thit': unreferenced local variable
C:\Users\Peppe\Documents\GitHub\milestones-ChloeWoodman\code\raytracer\Ray-Tracer-Starter-main\moving_sphere.h(32,35): warning C4244: 'argument': conversion from 'double' to 'const T', possible loss of data
          with
          [
              T=float
          ]
C:\Users\Peppe\Documents\GitHub\milestones-ChloeWoodman\code\raytracer\Ray-Tracer-Starter-main\moving_sphere.h(37,52): warning C4244: 'argument': conversion from 'const double' to 'T', possible loss of data
          with
          [
              T=float
          ]
C:\Users\Peppe\Documents\GitHub\milestones-ChloeWoodman\code\raytracer\Ray-Tracer-Starter-main\moving_sphere.h(37,44): warning C4244: 'argument': conversion from 'const double' to 'T', possible loss of data
          with
          [
              T=float
          ]
C:\Users\Peppe\Documents\GitHub\milestones-ChloeWoodman\code\raytracer\Ray-Tracer-Starter-main\moving_sphere.h(37,36): warning C4244: 'argument': conversion from 'const double' to 'T', possible loss of data
          with
          [
              T=float
          ]
C:\Users\Peppe\Documents\GitHub\milestones-ChloeWoodman\code\raytracer\Ray-Tracer-Starter-main\moving_sphere.h(37,93): warning C4244: 'argument': conversion from 'const double' to 'T', possible loss of data
          with
          [
              T=float
          ]
C:\Users\Peppe\Documents\GitHub\milestones-ChloeWoodman\code\raytracer\Ray-Tracer-Starter-main\moving_sphere.h(37,85): warning C4244: 'argument': conversion from 'const double' to 'T', possible loss of data
          with
          [
              T=float
          ]
C:\Users\Peppe\Documents\GitHub\milestones-ChloeWoodman\code\raytracer\Ray-Tracer-Starter-main\moving_sphere.h(37,77): warning C4244: 'argument': conversion from 'const double' to 'T', possible loss of data
          with
          [
              T=float
          ]
C:\Users\Peppe\Documents\GitHub\milestones-ChloeWoodman\code\raytracer\Ray-Tracer-Starter-main\moving_sphere.h(62,53): warning C4244: 'argument': conversion from 'const double' to 'const T', possible loss of data
          with
          [
              T=float
          ]
C:\Users\Peppe\Documents\GitHub\milestones-ChloeWoodman\code\raytracer\Ray-Tracer-Starter-main\moving_triangle.h(43,33): warning C4244: 'argument': conversion from 'double' to 'const T', possible loss of data
          with
          [
              T=float
          ]
C:\Users\Peppe\Documents\GitHub\milestones-ChloeWoodman\code\raytracer\Ray-Tracer-Starter-main\moving_triangle.h(75,26): warning C4305: 'initializing': truncation from 'double' to 'float'
C:\Users\Peppe\Documents\GitHub\milestones-ChloeWoodman\code\raytracer\Ray-Tracer-Starter-main\moving_triangle.h(64,8): warning C4101: 'thit': unreferenced local variable
C:\Users\Peppe\Documents\GitHub\milestones-ChloeWoodman\code\raytracer\Ray-Tracer-Starter-main\aarect.h(25,45): warning C4244: 'argument': conversion from 'double' to 'T', possible loss of data
          with
          [
              T=float
          ]
C:\Users\Peppe\Documents\GitHub\milestones-ChloeWoodman\code\raytracer\Ray-Tracer-Starter-main\aarect.h(25,39): warning C4244: 'argument': conversion from 'const double' to 'T', possible loss of data
          with
          [
              T=float
          ]
C:\Users\Peppe\Documents\GitHub\milestones-ChloeWoodman\code\raytracer\Ray-Tracer-Starter-main\aarect.h(25,35): warning C4244: 'argument': conversion from 'const double' to 'T', possible loss of data
          with
          [
              T=float
          ]
C:\Users\Peppe\Documents\GitHub\milestones-ChloeWoodman\code\raytracer\Ray-Tracer-Starter-main\aarect.h(25,74): warning C4244: 'argument': conversion from 'double' to 'T', possible loss of data
          with
          [
              T=float
          ]
C:\Users\Peppe\Documents\GitHub\milestones-ChloeWoodman\code\raytracer\Ray-Tracer-Starter-main\aarect.h(25,68): warning C4244: 'argument': conversion from 'const double' to 'T', possible loss of data
          with
          [
              T=float
          ]
C:\Users\Peppe\Documents\GitHub\milestones-ChloeWoodman\code\raytracer\Ray-Tracer-Starter-main\aarect.h(25,64): warning C4244: 'argument': conversion from 'const double' to 'T', possible loss of data
          with
          [
              T=float
          ]
C:\Users\Peppe\Documents\GitHub\milestones-ChloeWoodman\code\raytracer\Ray-Tracer-Starter-main\aarect.h(49,51): warning C4244: 'argument': conversion from 'const double' to 'T', possible loss of data
          with
          [
              T=float
          ]
C:\Users\Peppe\Documents\GitHub\milestones-ChloeWoodman\code\raytracer\Ray-Tracer-Starter-main\aarect.h(49,41): warning C4244: 'argument': conversion from 'double' to 'T', possible loss of data
          with
          [
              T=float
          ]
C:\Users\Peppe\Documents\GitHub\milestones-ChloeWoodman\code\raytracer\Ray-Tracer-Starter-main\aarect.h(49,35): warning C4244: 'argument': conversion from 'const double' to 'T', possible loss of data
          with
          [
              T=float
          ]
C:\Users\Peppe\Documents\GitHub\milestones-ChloeWoodman\code\raytracer\Ray-Tracer-Starter-main\aarect.h(49,80): warning C4244: 'argument': conversion from 'const double' to 'T', possible loss of data
          with
          [
              T=float
          ]
C:\Users\Peppe\Documents\GitHub\milestones-ChloeWoodman\code\raytracer\Ray-Tracer-Starter-main\aarect.h(49,70): warning C4244: 'argument': conversion from 'double' to 'T', possible loss of data
          with
          [
              T=float
          ]
C:\Users\Peppe\Documents\GitHub\milestones-ChloeWoodman\code\raytracer\Ray-Tracer-Starter-main\aarect.h(49,64): warning C4244: 'argument': conversion from 'const double' to 'T', possible loss of data
          with
          [
              T=float
          ]
C:\Users\Peppe\Documents\GitHub\milestones-ChloeWoodman\code\raytracer\Ray-Tracer-Starter-main\aarect.h(71,51): warning C4244: 'argument': conversion from 'const double' to 'T', possible loss of data
          with
          [
              T=float
          ]
C:\Users\Peppe\Documents\GitHub\milestones-ChloeWoodman\code\raytracer\Ray-Tracer-Starter-main\aarect.h(71,47): warning C4244: 'argument': conversion from 'const double' to 'T', possible loss of data
          with
          [
              T=float
          ]
C:\Users\Peppe\Documents\GitHub\milestones-ChloeWoodman\code\raytracer\Ray-Tracer-Starter-main\aarect.h(71,37): warning C4244: 'argument': conversion from 'double' to 'T', possible loss of data
          with
          [
              T=float
          ]
C:\Users\Peppe\Documents\GitHub\milestones-ChloeWoodman\code\raytracer\Ray-Tracer-Starter-main\aarect.h(71,80): warning C4244: 'argument': conversion from 'const double' to 'T', possible loss of data
          with
          [
              T=float
          ]
C:\Users\Peppe\Documents\GitHub\milestones-ChloeWoodman\code\raytracer\Ray-Tracer-Starter-main\aarect.h(71,76): warning C4244: 'argument': conversion from 'const double' to 'T', possible loss of data
          with
          [
              T=float
          ]
C:\Users\Peppe\Documents\GitHub\milestones-ChloeWoodman\code\raytracer\Ray-Tracer-Starter-main\aarect.h(71,66): warning C4244: 'argument': conversion from 'double' to 'T', possible loss of data
          with
          [
              T=float
          ]
C:\Users\Peppe\Documents\GitHub\milestones-ChloeWoodman\code\raytracer\Ray-Tracer-Starter-main\main.cpp(23,1): warning C4005: 'M_PI': macro redefinition
C:\Users\Peppe\Documents\GitHub\milestones-ChloeWoodman\code\raytracer\Ray-Tracer-Starter-main\SDL2-2.0.12\include\SDL_stdinc.h(508): message : see previous definition of 'M_PI'
C:\Users\Peppe\Documents\GitHub\milestones-ChloeWoodman\code\raytracer\Ray-Tracer-Starter-main\main.cpp(177,37): warning C4305: 'initializing': truncation from 'double' to 'float'
C:\Users\Peppe\Documents\GitHub\milestones-ChloeWoodman\code\raytracer\Ray-Tracer-Starter-main\main.cpp(213,75): warning C4244: 'argument': conversion from 'T' to 'Uint8', possible loss of data
          with
          [
              T=float
          ]
C:\Users\Peppe\Documents\GitHub\milestones-ChloeWoodman\code\raytracer\Ray-Tracer-Starter-main\main.cpp(213,64): warning C4244: 'argument': conversion from 'T' to 'Uint8', possible loss of data
          with
          [
              T=float
          ]
C:\Users\Peppe\Documents\GitHub\milestones-ChloeWoodman\code\raytracer\Ray-Tracer-Starter-main\main.cpp(213,53): warning C4244: 'argument': conversion from 'T' to 'Uint8', possible loss of data
          with
          [
              T=float
          ]
C:\Users\Peppe\Documents\GitHub\milestones-ChloeWoodman\code\raytracer\Ray-Tracer-Starter-main\main.cpp(241,25): warning C4018: '<': signed/unsigned mismatch
C:\Users\Peppe\Documents\GitHub\milestones-ChloeWoodman\code\raytracer\Ray-Tracer-Starter-main\main.cpp(256,39): warning C4305: 'argument': truncation from 'double' to 'T'
          with
          [
              T=float
          ]
C:\Users\Peppe\Documents\GitHub\milestones-ChloeWoodman\code\raytracer\Ray-Tracer-Starter-main\main.cpp(258,58): warning C4305: 'argument': truncation from 'double' to 'T'
          with
          [
              T=float
          ]
C:\Users\Peppe\Documents\GitHub\milestones-ChloeWoodman\code\raytracer\Ray-Tracer-Starter-main\main.cpp(260,65): warning C4305: 'argument': truncation from 'double' to 'T'
          with
          [
              T=float
          ]
C:\Users\Peppe\Documents\GitHub\milestones-ChloeWoodman\code\raytracer\Ray-Tracer-Starter-main\main.cpp(262,25): warning C4018: '<': signed/unsigned mismatch
C:\Users\Peppe\Documents\GitHub\milestones-ChloeWoodman\code\raytracer\Ray-Tracer-Starter-main\main.cpp(287,66): warning C4305: 'argument': truncation from 'double' to 'T'
          with
          [
              T=float
          ]
C:\Users\Peppe\Documents\GitHub\milestones-ChloeWoodman\code\raytracer\Ray-Tracer-Starter-main\main.cpp(287,89): warning C4305: 'argument': truncation from 'double' to 'T'
          with
          [
              T=float
          ]
C:\Users\Peppe\Documents\GitHub\milestones-ChloeWoodman\code\raytracer\Ray-Tracer-Starter-main\main.cpp(294,53): warning C4244: 'argument': conversion from 'double' to 'T', possible loss of data
          with
          [
              T=float
          ]
C:\Users\Peppe\Documents\GitHub\milestones-ChloeWoodman\code\raytracer\Ray-Tracer-Starter-main\main.cpp(294,76): warning C4305: 'argument': truncation from 'double' to 'T'
          with
          [
              T=float
          ]
C:\Users\Peppe\Documents\GitHub\milestones-ChloeWoodman\code\raytracer\Ray-Tracer-Starter-main\main.cpp(294,21): warning C4244: 'argument': conversion from 'double' to 'T', possible loss of data
          with
          [
              T=float
          ]
C:\Users\Peppe\Documents\GitHub\milestones-ChloeWoodman\code\raytracer\Ray-Tracer-Starter-main\main.cpp(295,7): warning C4305: 'argument': truncation from 'double' to 'T'
          with
          [
              T=float
          ]
C:\Users\Peppe\Documents\GitHub\milestones-ChloeWoodman\code\raytracer\Ray-Tracer-Starter-main\main.cpp(301,52): warning C4244: 'argument': conversion from 'double' to 'T', possible loss of data
          with
          [
              T=float
          ]
C:\Users\Peppe\Documents\GitHub\milestones-ChloeWoodman\code\raytracer\Ray-Tracer-Starter-main\main.cpp(325,63): warning C4305: 'argument': truncation from 'double' to 'T'
          with
          [
              T=float
          ]
C:\Users\Peppe\Documents\GitHub\milestones-ChloeWoodman\code\raytracer\Ray-Tracer-Starter-main\main.cpp(327,58): warning C4305: 'argument': truncation from 'double' to 'T'
          with
          [
              T=float
          ]
C:\Users\Peppe\Documents\GitHub\milestones-ChloeWoodman\code\raytracer\Ray-Tracer-Starter-main\main.cpp(354,25): warning C4018: '<': signed/unsigned mismatch
C:\Users\Peppe\Documents\GitHub\milestones-ChloeWoodman\code\raytracer\Ray-Tracer-Starter-main\main.cpp(375,25): warning C4018: '<': signed/unsigned mismatch
C:\Users\Peppe\Documents\GitHub\milestones-ChloeWoodman\code\raytracer\Ray-Tracer-Starter-main\main.cpp(391,39): warning C4305: 'argument': truncation from 'double' to 'T'
          with
          [
              T=float
          ]
C:\Users\Peppe\Documents\GitHub\milestones-ChloeWoodman\code\raytracer\Ray-Tracer-Starter-main\main.cpp(393,58): warning C4305: 'argument': truncation from 'double' to 'T'
          with
          [
              T=float
          ]
C:\Users\Peppe\Documents\GitHub\milestones-ChloeWoodman\code\raytracer\Ray-Tracer-Starter-main\main.cpp(395,65): warning C4305: 'argument': truncation from 'double' to 'T'
          with
          [
              T=float
          ]
C:\Users\Peppe\Documents\GitHub\milestones-ChloeWoodman\code\raytracer\Ray-Tracer-Starter-main\main.cpp(397,25): warning C4018: '<': signed/unsigned mismatch
C:\Users\Peppe\Documents\GitHub\milestones-ChloeWoodman\code\raytracer\Ray-Tracer-Starter-main\main.cpp(413,66): warning C4305: 'argument': truncation from 'double' to 'T'
          with
          [
              T=float
          ]
C:\Users\Peppe\Documents\GitHub\milestones-ChloeWoodman\code\raytracer\Ray-Tracer-Starter-main\main.cpp(415,25): warning C4018: '<': signed/unsigned mismatch
C:\Users\Peppe\Documents\GitHub\milestones-ChloeWoodman\code\raytracer\Ray-Tracer-Starter-main\main.cpp(435,25): warning C4018: '<': signed/unsigned mismatch
C:\Users\Peppe\Documents\GitHub\milestones-ChloeWoodman\code\raytracer\Ray-Tracer-Starter-main\main.cpp(453,78): warning C4244: 'argument': conversion from 'double' to 'T', possible loss of data
          with
          [
              T=float
          ]
C:\Users\Peppe\Documents\GitHub\milestones-ChloeWoodman\code\raytracer\Ray-Tracer-Starter-main\main.cpp(453,55): warning C4244: 'argument': conversion from 'double' to 'T', possible loss of data
          with
          [
              T=float
          ]
C:\Users\Peppe\Documents\GitHub\milestones-ChloeWoodman\code\raytracer\Ray-Tracer-Starter-main\main.cpp(453,31): warning C4244: 'argument': conversion from 'double' to 'T', possible loss of data
          with
          [
              T=float
          ]
C:\Users\Peppe\Documents\GitHub\milestones-ChloeWoodman\code\raytracer\Ray-Tracer-Starter-main\main.cpp(454,6): warning C4305: 'argument': truncation from 'double' to 'T'
          with
          [
              T=float
          ]
C:\Users\Peppe\Documents\GitHub\milestones-ChloeWoodman\code\raytracer\Ray-Tracer-Starter-main\main.cpp(459,81): warning C4244: 'argument': conversion from 'double' to 'T', possible loss of data
          with
          [
              T=float
          ]
C:\Users\Peppe\Documents\GitHub\milestones-ChloeWoodman\code\raytracer\Ray-Tracer-Starter-main\main.cpp(461,12): warning C4305: 'argument': truncation from 'double' to 'T'
          with
          [
              T=float
          ]
C:\Users\Peppe\Documents\GitHub\milestones-ChloeWoodman\code\raytracer\Ray-Tracer-Starter-main\main.cpp(462,63): warning C4305: 'argument': truncation from 'double' to 'T'
          with
          [
              T=float
          ]
C:\Users\Peppe\Documents\GitHub\milestones-ChloeWoodman\code\raytracer\Ray-Tracer-Starter-main\main.cpp(475,93): warning C4305: 'argument': truncation from 'double' to 'T'
          with
          [
              T=float
          ]
C:\Users\Peppe\Documents\GitHub\milestones-ChloeWoodman\code\raytracer\Ray-Tracer-Starter-main\main.cpp(487,66): warning C4305: 'argument': truncation from 'double' to 'T'
          with
          [
              T=float
          ]
C:\Users\Peppe\Documents\GitHub\milestones-ChloeWoodman\code\raytracer\Ray-Tracer-Starter-main\main.cpp(487,89): warning C4305: 'argument': truncation from 'double' to 'T'
          with
          [
              T=float
          ]
C:\Users\Peppe\Documents\GitHub\milestones-ChloeWoodman\code\raytracer\Ray-Tracer-Starter-main\main.cpp(524,57): warning C4305: 'argument': truncation from 'double' to 'T'
          with
          [
              T=float
          ]
C:\Users\Peppe\Documents\GitHub\milestones-ChloeWoodman\code\raytracer\Ray-Tracer-Starter-main\main.cpp(525,59): warning C4305: 'argument': truncation from 'double' to 'T'
          with
          [
              T=float
          ]
C:\Users\Peppe\Documents\GitHub\milestones-ChloeWoodman\code\raytracer\Ray-Tracer-Starter-main\main.cpp(526,59): warning C4305: 'argument': truncation from 'double' to 'T'
          with
          [
              T=float
          ]
C:\Users\Peppe\Documents\GitHub\milestones-ChloeWoodman\code\raytracer\Ray-Tracer-Starter-main\main.cpp(552,57): warning C4305: 'argument': truncation from 'double' to 'T'
          with
          [
              T=float
          ]
C:\Users\Peppe\Documents\GitHub\milestones-ChloeWoodman\code\raytracer\Ray-Tracer-Starter-main\main.cpp(553,59): warning C4305: 'argument': truncation from 'double' to 'T'
          with
          [
              T=float
          ]
C:\Users\Peppe\Documents\GitHub\milestones-ChloeWoodman\code\raytracer\Ray-Tracer-Starter-main\main.cpp(554,59): warning C4305: 'argument': truncation from 'double' to 'T'
          with
          [
              T=float
          ]
C:\Users\Peppe\Documents\GitHub\milestones-ChloeWoodman\code\raytracer\Ray-Tracer-Starter-main\main.cpp(581,63): warning C4305: 'argument': truncation from 'double' to 'T'
          with
          [
              T=float
          ]
C:\Users\Peppe\Documents\GitHub\milestones-ChloeWoodman\code\raytracer\Ray-Tracer-Starter-main\main.cpp(594,48): warning C4244: 'argument': conversion from 'double' to 'T', possible loss of data
          with
          [
              T=float
          ]
C:\Users\Peppe\Documents\GitHub\milestones-ChloeWoodman\code\raytracer\Ray-Tracer-Starter-main\main.cpp(594,44): warning C4244: 'argument': conversion from 'double' to 'T', possible loss of data
          with
          [
              T=float
          ]
C:\Users\Peppe\Documents\GitHub\milestones-ChloeWoodman\code\raytracer\Ray-Tracer-Starter-main\main.cpp(594,40): warning C4244: 'argument': conversion from 'double' to 'T', possible loss of data
          with
          [
              T=float
          ]
C:\Users\Peppe\Documents\GitHub\milestones-ChloeWoodman\code\raytracer\Ray-Tracer-Starter-main\main.cpp(594,69): warning C4244: 'argument': conversion from 'double' to 'T', possible loss of data
          with
          [
              T=float
          ]
C:\Users\Peppe\Documents\GitHub\milestones-ChloeWoodman\code\raytracer\Ray-Tracer-Starter-main\main.cpp(594,65): warning C4244: 'argument': conversion from 'double' to 'T', possible loss of data
          with
          [
              T=float
          ]
C:\Users\Peppe\Documents\GitHub\milestones-ChloeWoodman\code\raytracer\Ray-Tracer-Starter-main\main.cpp(594,61): warning C4244: 'argument': conversion from 'double' to 'T', possible loss of data
          with
          [
              T=float
          ]
C:\Users\Peppe\Documents\GitHub\milestones-ChloeWoodman\code\raytracer\Ray-Tracer-Starter-main\main.cpp(607,76): warning C4305: 'argument': truncation from 'double' to 'T'
          with
          [
              T=float
          ]
C:\Users\Peppe\Documents\GitHub\milestones-ChloeWoodman\code\raytracer\Ray-Tracer-Starter-main\main.cpp(612,68): warning C4305: 'argument': truncation from 'double' to 'T'
          with
          [
              T=float
          ]
C:\Users\Peppe\Documents\GitHub\milestones-ChloeWoodman\code\raytracer\Ray-Tracer-Starter-main\main.cpp(617,78): warning C4305: 'argument': truncation from 'double' to 'T'
          with
          [
              T=float
          ]
C:\Users\Peppe\Documents\GitHub\milestones-ChloeWoodman\code\raytracer\Ray-Tracer-Starter-main\main.cpp(627,59): warning C4305: 'argument': truncation from 'double' to 'T'
          with
          [
              T=float
          ]
C:\Users\Peppe\Documents\GitHub\milestones-ChloeWoodman\code\raytracer\Ray-Tracer-Starter-main\main.cpp(666,25): warning C4018: '<': signed/unsigned mismatch
C:\Users\Peppe\Documents\GitHub\milestones-ChloeWoodman\code\raytracer\Ray-Tracer-Starter-main\main.cpp(681,39): warning C4305: 'argument': truncation from 'double' to 'T'
          with
          [
              T=float
          ]
C:\Users\Peppe\Documents\GitHub\milestones-ChloeWoodman\code\raytracer\Ray-Tracer-Starter-main\main.cpp(683,58): warning C4305: 'argument': truncation from 'double' to 'T'
          with
          [
              T=float
          ]
C:\Users\Peppe\Documents\GitHub\milestones-ChloeWoodman\code\raytracer\Ray-Tracer-Starter-main\main.cpp(686,25): warning C4018: '<': signed/unsigned mismatch
C:\Users\Peppe\Documents\GitHub\milestones-ChloeWoodman\code\raytracer\Ray-Tracer-Starter-main\main.cpp(700,39): warning C4305: 'argument': truncation from 'double' to 'T'
          with
          [
              T=float
          ]
C:\Users\Peppe\Documents\GitHub\milestones-ChloeWoodman\code\raytracer\Ray-Tracer-Starter-main\main.cpp(702,59): warning C4305: 'argument': truncation from 'double' to 'T'
          with
          [
              T=float
          ]
C:\Users\Peppe\Documents\GitHub\milestones-ChloeWoodman\code\raytracer\Ray-Tracer-Starter-main\main.cpp(704,25): warning C4018: '<': signed/unsigned mismatch
C:\Users\Peppe\Documents\GitHub\milestones-ChloeWoodman\code\raytracer\Ray-Tracer-Starter-main\main.cpp(723,25): warning C4018: '<': signed/unsigned mismatch
C:\Users\Peppe\Documents\GitHub\milestones-ChloeWoodman\code\raytracer\Ray-Tracer-Starter-main\main.cpp(761,25): warning C4018: '<': signed/unsigned mismatch
C:\Users\Peppe\Documents\GitHub\milestones-ChloeWoodman\code\raytracer\Ray-Tracer-Starter-main\main.cpp(776,25): warning C4018: '<': signed/unsigned mismatch
C:\Users\Peppe\Documents\GitHub\milestones-ChloeWoodman\code\raytracer\Ray-Tracer-Starter-main\main.cpp(791,25): warning C4018: '<': signed/unsigned mismatch
C:\Users\Peppe\Documents\GitHub\milestones-ChloeWoodman\code\raytracer\Ray-Tracer-Starter-main\main.cpp(806,25): warning C4018: '<': signed/unsigned mismatch
C:\Users\Peppe\Documents\GitHub\milestones-ChloeWoodman\code\raytracer\Ray-Tracer-Starter-main\main.cpp(821,25): warning C4018: '<': signed/unsigned mismatch
C:\Users\Peppe\Documents\GitHub\milestones-ChloeWoodman\code\raytracer\Ray-Tracer-Starter-main\main.cpp(838,104): warning C4244: 'argument': conversion from 'double' to 'T', possible loss of data
          with
          [
              T=float
          ]
C:\Users\Peppe\Documents\GitHub\milestones-ChloeWoodman\code\raytracer\Ray-Tracer-Starter-main\main.cpp(838,78): warning C4244: 'argument': conversion from 'double' to 'T', possible loss of data
          with
          [
              T=float
          ]
C:\Users\Peppe\Documents\GitHub\milestones-ChloeWoodman\code\raytracer\Ray-Tracer-Starter-main\main.cpp(838,50): warning C4244: 'argument': conversion from 'double' to 'T', possible loss of data
          with
          [
              T=float
          ]
C:\Users\Peppe\Documents\GitHub\milestones-ChloeWoodman\code\raytracer\Ray-Tracer-Starter-main\main.cpp(845,81): warning C4244: 'argument': conversion from 'double' to 'T', possible loss of data
          with
          [
              T=float
          ]
C:\Users\Peppe\Documents\GitHub\milestones-ChloeWoodman\code\raytracer\Ray-Tracer-Starter-main\main.cpp(847,12): warning C4305: 'argument': truncation from 'double' to 'T'
          with
          [
              T=float
          ]
C:\Users\Peppe\Documents\GitHub\milestones-ChloeWoodman\code\raytracer\Ray-Tracer-Starter-main\main.cpp(860,57): warning C4305: 'argument': truncation from 'double' to 'T'
          with
          [
              T=float
          ]
C:\Users\Peppe\Documents\GitHub\milestones-ChloeWoodman\code\raytracer\Ray-Tracer-Starter-main\main.cpp(880,69): warning C4305: 'argument': truncation from 'double' to 'T'
          with
          [
              T=float
          ]
C:\Users\Peppe\Documents\GitHub\milestones-ChloeWoodman\code\raytracer\Ray-Tracer-Starter-main\main.cpp(946,17): warning C4305: '=': truncation from 'double' to 'float'
C:\Users\Peppe\Documents\GitHub\milestones-ChloeWoodman\code\raytracer\Ray-Tracer-Starter-main\main.cpp(949,39): warning C4305: 'argument': truncation from 'double' to 'T'
          with
          [
              T=float
          ]
C:\Users\Peppe\Documents\GitHub\milestones-ChloeWoodman\code\raytracer\Ray-Tracer-Starter-main\main.cpp(959,39): warning C4305: 'argument': truncation from 'double' to 'T'
          with
          [
              T=float
          ]
C:\Users\Peppe\Documents\GitHub\milestones-ChloeWoodman\code\raytracer\Ray-Tracer-Starter-main\main.cpp(971,39): warning C4305: 'argument': truncation from 'double' to 'T'
          with
          [
              T=float
          ]
C:\Users\Peppe\Documents\GitHub\milestones-ChloeWoodman\code\raytracer\Ray-Tracer-Starter-main\main.cpp(991,39): warning C4305: 'argument': truncation from 'double' to 'T'
          with
          [
              T=float
          ]
C:\Users\Peppe\Documents\GitHub\milestones-ChloeWoodman\code\raytracer\Ray-Tracer-Starter-main\main.cpp(999,39): warning C4305: 'argument': truncation from 'double' to 'T'
          with
          [
              T=float
          ]
C:\Users\Peppe\Documents\GitHub\milestones-ChloeWoodman\code\raytracer\Ray-Tracer-Starter-main\main.cpp(1071,9): warning C4101: 't': unreferenced local variable
C:\Users\Peppe\Documents\GitHub\milestones-ChloeWoodman\code\raytracer\Ray-Tracer-Starter-main\geometry.h(142,58): warning C4244: 'argument': conversion from 'double' to 'T', possible loss of data
          with
          [
              T=float
          ]
C:\Users\Peppe\Documents\GitHub\milestones-ChloeWoodman\code\raytracer\Ray-Tracer-Starter-main\geometry.h(140): message : while compiling class template member function 'Vec3<float> Vec3<float>::random_in_unit_disk(void)'
C:\Users\Peppe\Documents\GitHub\milestones-ChloeWoodman\code\raytracer\Ray-Tracer-Starter-main\camera.h(49): message : see reference to function template instantiation 'Vec3<float> Vec3<float>::random_in_unit_disk(void)' being compiled
C:\Users\Peppe\Documents\GitHub\milestones-ChloeWoodman\code\raytracer\Ray-Tracer-Starter-main\ray.h(23): message : see reference to class template instantiation 'Vec3<float>' being compiled
C:\Users\Peppe\Documents\GitHub\milestones-ChloeWoodman\code\raytracer\Ray-Tracer-Starter-main\geometry.h(142,38): warning C4244: 'argument': conversion from 'double' to 'T', possible loss of data
          with
          [
              T=float
          ]
C:\Users\Peppe\Documents\GitHub\milestones-ChloeWoodman\code\raytracer\Ray-Tracer-Starter-main\geometry.h(131,78): warning C4244: 'argument': conversion from 'double' to 'T', possible loss of data
          with
          [
              T=float
          ]
C:\Users\Peppe\Documents\GitHub\milestones-ChloeWoodman\code\raytracer\Ray-Tracer-Starter-main\geometry.h(130): message : while compiling class template member function 'Vec3<float> Vec3<float>::random(double,double)'
C:\Users\Peppe\Documents\GitHub\milestones-ChloeWoodman\code\raytracer\Ray-Tracer-Starter-main\perlin.h(12): message : see reference to function template instantiation 'Vec3<float> Vec3<float>::random(double,double)' being compiled
C:\Users\Peppe\Documents\GitHub\milestones-ChloeWoodman\code\raytracer\Ray-Tracer-Starter-main\geometry.h(131,55): warning C4244: 'argument': conversion from 'double' to 'T', possible loss of data
          with
          [
              T=float
          ]
C:\Users\Peppe\Documents\GitHub\milestones-ChloeWoodman\code\raytracer\Ray-Tracer-Starter-main\geometry.h(131,32): warning C4244: 'argument': conversion from 'double' to 'T', possible loss of data
          with
          [
              T=float
          ]
C:\Users\Peppe\Documents\GitHub\milestones-ChloeWoodman\code\raytracer\Ray-Tracer-Starter-main\geometry.h(128,62): warning C4244: 'argument': conversion from 'double' to 'T', possible loss of data
          with
          [
              T=float
          ]
C:\Users\Peppe\Documents\GitHub\milestones-ChloeWoodman\code\raytracer\Ray-Tracer-Starter-main\geometry.h(127): message : while compiling class template member function 'Vec3<float> Vec3<float>::random(void)'
C:\Users\Peppe\Documents\GitHub\milestones-ChloeWoodman\code\raytracer\Ray-Tracer-Starter-main\main.cpp(299): message : see reference to function template instantiation 'Vec3<float> Vec3<float>::random(void)' being compiled
C:\Users\Peppe\Documents\GitHub\milestones-ChloeWoodman\code\raytracer\Ray-Tracer-Starter-main\geometry.h(128,47): warning C4244: 'argument': conversion from 'double' to 'T', possible loss of data
          with
          [
              T=float
          ]
C:\Users\Peppe\Documents\GitHub\milestones-ChloeWoodman\code\raytracer\Ray-Tracer-Starter-main\geometry.h(128,32): warning C4244: 'argument': conversion from 'double' to 'T', possible loss of data
          with
          [
              T=float
          ]
  Generating code
  0 of 1841 functions ( 0.0%) were compiled, the rest were copied from previous compilation.
    0 functions were new in current compilation
    0 functions had inline decision re-evaluated but remain unchanged
  Finished generating code
  RayTracer.vcxproj -> C:\Users\Peppe\Documents\GitHub\milestones-ChloeWoodman\code\raytracer\Ray-Tracer-Starter-main\x64\Release\RayTracer.exe
